-------------------------------------------------------------------------------
Test set: com.sanitas.calculadora.CalculadoraApplicationTests
-------------------------------------------------------------------------------
Tests run: 1, Failures: 0, Errors: 1, Skipped: 0, Time elapsed: 1.247 s <<< FAILURE! - in com.sanitas.calculadora.CalculadoraApplicationTests
contextLoads  Time elapsed: 0.009 s  <<< ERROR!
java.lang.IllegalStateException: Failed to load ApplicationContext for [WebMergedContextConfiguration@167279d1 testClass = com.sanitas.calculadora.CalculadoraApplicationTests, locations = [], classes = [com.sanitas.calculadora.CalculadoraApplication], contextInitializerClasses = [], activeProfiles = [], propertySourceLocations = [], propertySourceProperties = ["org.springframework.boot.test.context.SpringBootTestContextBootstrapper=true"], contextCustomizers = [org.springframework.boot.test.context.filter.ExcludeFilterContextCustomizer@77eca502, org.springframework.boot.test.json.DuplicateJsonObjectContextCustomizerFactory$DuplicateJsonObjectContextCustomizer@7671cb68, org.springframework.boot.test.mock.mockito.MockitoContextCustomizer@0, org.springframework.boot.test.web.client.TestRestTemplateContextCustomizer@696da30b, org.springframework.boot.test.autoconfigure.actuate.observability.ObservabilityContextCustomizerFactory$DisableObservabilityContextCustomizer@9da1, org.springframework.boot.test.autoconfigure.properties.PropertyMappingContextCustomizer@0, org.springframework.boot.test.autoconfigure.web.servlet.WebDriverContextCustomizerFactory$Customizer@6c130c45, org.springframework.boot.test.context.SpringBootTestAnnotation@c59a7f14], resourceBasePath = "src/main/webapp", contextLoader = org.springframework.boot.test.context.SpringBootContextLoader, parent = null]
Caused by: org.springframework.beans.factory.UnsatisfiedDependencyException: Error creating bean with name 'calculadoraResource' defined in file [/home/pechenique/Escritorio/test/PruebaTecnicaSanitas_Back/calculadora/target/classes/com/sanitas/calculadora/entrypoint/CalculadoraResource.class]: Unsatisfied dependency expressed through constructor parameter 0: No qualifying bean of type 'com.sanitas.calculadora.usecase.CalculadoraCompute' available: expected at least 1 bean which qualifies as autowire candidate. Dependency annotations: {}
Caused by: org.springframework.beans.factory.NoSuchBeanDefinitionException: No qualifying bean of type 'com.sanitas.calculadora.usecase.CalculadoraCompute' available: expected at least 1 bean which qualifies as autowire candidate. Dependency annotations: {}

